
    <!DOCTYPE html>
    <html lang="en">
    <head>
      <meta charset="UTF-8" />
      <meta name="viewport" content="width=device-width, initial-scale=1.0" />
      <title>Markdown Preview</title>
      <style>
        body {
          font-family: sans-serif;
          padding: 40px;
          line-height: 1.6;
          background: #fdfdfd;
          color: #333;
        }
        pre {
          background: #f4f4f4;
          padding: 10px;
          border-radius: 5px;
          overflow-x: auto;
        }
        code {
          font-family: monospace;
          background: #eee;
          padding: 2px 4px;
        }
        table {
          border-collapse: collapse;
          width: 100%;
          margin-top: 20px;
        }
        th, td {
          border: 1px solid #ccc;
          padding: 8px 12px;
          text-align: left;
        }
        th {
          background-color: #f2f2f2;
          font-weight: bold;
        }
      </style>
    </head>
    <body>
      <h1>TestSprite AI Testing Report (MCP)</h1>
<hr>
<h2>1Ô∏è‚É£ Document Metadata</h2>
<ul>
<li><strong>Project Name:</strong> AI Exam Evaluator</li>
<li><strong>Version:</strong> 1.0.0</li>
<li><strong>Date:</strong> 2025-09-06</li>
<li><strong>Prepared by:</strong> TestSprite AI Team</li>
</ul>
<hr>
<h2>2Ô∏è‚É£ Requirement Validation Summary</h2>
<h3>Requirement: User Authentication System</h3>
<ul>
<li><strong>Description:</strong> Supports admin and regular user authentication with role-based access control and validation.</li>
</ul>
<h4>Test 1</h4>
<ul>
<li><strong>Test ID:</strong> TC001</li>
<li><strong>Test Name:</strong> User authentication with valid admin credentials</li>
<li><strong>Test Code:</strong> <a href="./TC001_User_authentication_with_valid_admin_credentials.py">TC001_User_authentication_with_valid_admin_credentials.py</a></li>
<li><strong>Test Error:</strong> X-Frame-Options may only be set via an HTTP header sent along with a document. It may not be set inside &lt;meta&gt;. (at http://localhost:5173/:22:0)</li>
<li><strong>Test Visualization and Result:</strong> https://www.testsprite.com/dashboard/mcp/tests/bfd44b75-c6b9-473d-9cc7-b2acc2d7e805/dc79af8b-ac4b-49d1-bc20-4ed254f1846d</li>
<li><strong>Status:</strong> ‚ùå Failed</li>
<li><strong>Severity:</strong> High</li>
<li><strong>Analysis / Findings:</strong> Test failed due to incorrect implementation of the X-Frame-Options security header; it is set inside a &lt;meta&gt; tag rather than being sent as an HTTP header, which causes browser security policy violations and likely blocks the page content.</li>
</ul>
<hr>
<h4>Test 2</h4>
<ul>
<li><strong>Test ID:</strong> TC002</li>
<li><strong>Test Name:</strong> User authentication with valid regular user credentials</li>
<li><strong>Test Code:</strong> <a href="./TC002_User_authentication_with_valid_regular_user_credentials.py">TC002_User_authentication_with_valid_regular_user_credentials.py</a></li>
<li><strong>Test Error:</strong> X-Frame-Options may only be set via an HTTP header sent along with a document. It may not be set inside &lt;meta&gt;. (at http://localhost:5173/:22:0)</li>
<li><strong>Test Visualization and Result:</strong> https://www.testsprite.com/dashboard/mcp/tests/bfd44b75-c6b9-473d-9cc7-b2acc2d7e805/a7fa4d33-ef8b-4be0-b6e2-a9f3c647f292</li>
<li><strong>Status:</strong> ‚ùå Failed</li>
<li><strong>Severity:</strong> High</li>
<li><strong>Analysis / Findings:</strong> Same as TC001: X-Frame-Options set incorrectly inside &lt;meta&gt; instead of HTTP headers, leading to failed content loading and test failure.</li>
</ul>
<hr>
<h4>Test 3</h4>
<ul>
<li><strong>Test ID:</strong> TC003</li>
<li><strong>Test Name:</strong> User authentication fails with invalid credentials</li>
<li><strong>Test Code:</strong> <a href="./TC003_User_authentication_fails_with_invalid_credentials.py">TC003_User_authentication_fails_with_invalid_credentials.py</a></li>
<li><strong>Test Error:</strong> X-Frame-Options may only be set via an HTTP header sent along with a document. It may not be set inside &lt;meta&gt;. (at http://localhost:5173/:22:0)</li>
<li><strong>Test Visualization and Result:</strong> https://www.testsprite.com/dashboard/mcp/tests/bfd44b75-c6b9-473d-9cc7-b2acc2d7e805/9975c6c5-13b9-4c74-a702-cbc4ceb7a092</li>
<li><strong>Status:</strong> ‚ùå Failed</li>
<li><strong>Severity:</strong> High</li>
<li><strong>Analysis / Findings:</strong> Test failure due to security misconfiguration of X-Frame-Options resulting in content or scripts not loading correctly, impacting the login failure verification logic.</li>
</ul>
<hr>
<h3>Requirement: PDF File Upload and Processing</h3>
<ul>
<li><strong>Description:</strong> Supports drag-and-drop PDF upload with validation, preview, and file type checking.</li>
</ul>
<h4>Test 1</h4>
<ul>
<li><strong>Test ID:</strong> TC004</li>
<li><strong>Test Name:</strong> PDF file upload with valid exam paper</li>
<li><strong>Test Code:</strong> <a href="./TC004_PDF_file_upload_with_valid_exam_paper.py">TC004_PDF_file_upload_with_valid_exam_paper.py</a></li>
<li><strong>Test Error:</strong> X-Frame-Options may only be set via an HTTP header sent along with a document. It may not be set inside &lt;meta&gt;. (at http://localhost:5173/:22:0)</li>
<li><strong>Test Visualization and Result:</strong> https://www.testsprite.com/dashboard/mcp/tests/bfd44b75-c6b9-473d-9cc7-b2acc2d7e805/cb94c650-1198-491b-8b83-c7b8bb5b93f5</li>
<li><strong>Status:</strong> ‚ùå Failed</li>
<li><strong>Severity:</strong> High</li>
<li><strong>Analysis / Findings:</strong> File upload and preview functionality fails due to the same X-Frame-Options policy violation preventing proper UI or script operation.</li>
</ul>
<hr>
<h4>Test 2</h4>
<ul>
<li><strong>Test ID:</strong> TC005</li>
<li><strong>Test Name:</strong> PDF file upload rejects unsupported file types</li>
<li><strong>Test Code:</strong> <a href="./TC005_PDF_file_upload_rejects_unsupported_file_types.py">TC005_PDF_file_upload_rejects_unsupported_file_types.py</a></li>
<li><strong>Test Error:</strong> X-Frame-Options may only be set via an HTTP header sent along with a document. It may not be set inside &lt;meta&gt;. (at http://localhost:5173/:22:0)
WebSocket connection to 'ws://localhost:5173/?token=oHXQGQmRGw6N' failed: Error in connection establishment: net::ERR_EMPTY_RESPONSE (at http://localhost:5173/@vite/client:801:0)</li>
<li><strong>Test Visualization and Result:</strong> https://www.testsprite.com/dashboard/mcp/tests/bfd44b75-c6b9-473d-9cc7-b2acc2d7e805/46847cc2-9017-40d5-85f0-cb4b72b4f510</li>
<li><strong>Status:</strong> ‚ùå Failed</li>
<li><strong>Severity:</strong> High</li>
<li><strong>Analysis / Findings:</strong> Due to X-Frame-Options misconfiguration, unsupported file type validation and rejection UI does not work properly; additionally WebSocket connection failed due to server or network issue noted by ERR_EMPTY_RESPONSE.</li>
</ul>
<hr>
<h3>Requirement: AI-Powered Evaluation Engine</h3>
<ul>
<li><strong>Description:</strong> Core AI evaluation functionality using Google Gemini AI for exam paper scoring and analysis.</li>
</ul>
<h4>Test 1</h4>
<ul>
<li><strong>Test ID:</strong> TC006</li>
<li><strong>Test Name:</strong> AI-powered evaluation produces accurate scores</li>
<li><strong>Test Code:</strong> <a href="./TC006_AI_powered_evaluation_produces_accurate_scores.py">TC006_AI_powered_evaluation_produces_accurate_scores.py</a></li>
<li><strong>Test Error:</strong> X-Frame-Options may only be set via an HTTP header sent along with a document. It may not be set inside &lt;meta&gt;. (at http://localhost:5173/:22:0)</li>
<li><strong>Test Visualization and Result:</strong> https://www.testsprite.com/dashboard/mcp/tests/bfd44b75-c6b9-473d-9cc7-b2acc2d7e805/196dcfae-82c8-43e2-a547-ec3e38a1e791</li>
<li><strong>Status:</strong> ‚ùå Failed</li>
<li><strong>Severity:</strong> High</li>
<li><strong>Analysis / Findings:</strong> AI evaluation and scoring UI fails likely because page content and scripts are blocked by incorrect X-Frame-Options header setting.</li>
</ul>
<hr>
<h3>Requirement: Interactive Results Display and Management</h3>
<ul>
<li><strong>Description:</strong> Interactive display of evaluation results with editing capabilities and history management.</li>
</ul>
<h4>Test 1</h4>
<ul>
<li><strong>Test ID:</strong> TC007</li>
<li><strong>Test Name:</strong> Interactive results display allows editing scores and feedback</li>
<li><strong>Test Code:</strong> <a href="./TC007_Interactive_results_display_allows_editing_scores_and_feedback.py">TC007_Interactive_results_display_allows_editing_scores_and_feedback.py</a></li>
<li><strong>Test Error:</strong> X-Frame-Options may only be set via an HTTP header sent along with a document. It may not be set inside &lt;meta&gt;. (at http://localhost:5173/:22:0)
WebSocket connection to 'ws://localhost:5173/?token=oHXQGQmRGw6N' failed: Error in connection establishment: net::ERR_EMPTY_RESPONSE (at http://localhost:5173/@vite/client:801:0)</li>
<li><strong>Test Visualization and Result:</strong> https://www.testsprite.com/dashboard/mcp/tests/bfd44b75-c6b9-473d-9cc7-b2acc2d7e805/fbb47e65-a319-4168-87f0-4ae8ba44bc7e</li>
<li><strong>Status:</strong> ‚ùå Failed</li>
<li><strong>Severity:</strong> High</li>
<li><strong>Analysis / Findings:</strong> Interactive editing of evaluation results is broken due to blocked UI rendering from invalid X-Frame-Options header, compounded by WebSocket connection failure causing real-time update failure.</li>
</ul>
<hr>
<h4>Test 2</h4>
<ul>
<li><strong>Test ID:</strong> TC008</li>
<li><strong>Test Name:</strong> Results history stores and retrieves past evaluations correctly</li>
<li><strong>Test Code:</strong> <a href="./TC008_Results_history_stores_and_retrieves_past_evaluations_correctly.py">TC008_Results_history_stores_and_retrieves_past_evaluations_correctly.py</a></li>
<li><strong>Test Error:</strong> X-Frame-Options may only be set via an HTTP header sent along with a document. It may not be set inside &lt;meta&gt;. (at http://localhost:5173/:22:0)</li>
<li><strong>Test Visualization and Result:</strong> https://www.testsprite.com/dashboard/mcp/tests/bfd44b75-c6b9-473d-9cc7-b2acc2d7e805/07923fa5-00eb-40a0-b784-aa1f3c48ddb7</li>
<li><strong>Status:</strong> ‚ùå Failed</li>
<li><strong>Severity:</strong> High</li>
<li><strong>Analysis / Findings:</strong> Results history retrieval and display fail because the UI and scripts are blocked by improper X-Frame-Options handling.</li>
</ul>
<hr>
<h3>Requirement: IGCSE Question Paper Generator</h3>
<ul>
<li><strong>Description:</strong> Specialized tool for generating IGCSE exam papers with various paper types and configurations.</li>
</ul>
<h4>Test 1</h4>
<ul>
<li><strong>Test ID:</strong> TC009</li>
<li><strong>Test Name:</strong> IGCSE question paper generation with multiple paper types</li>
<li><strong>Test Code:</strong> <a href="./TC009_IGCSE_question_paper_generation_with_multiple_paper_types.py">TC009_IGCSE_question_paper_generation_with_multiple_paper_types.py</a></li>
<li><strong>Test Error:</strong> Failed to go to the start URL. Err: Error executing action go_to_url: Page.goto: net::ERR_EMPTY_RESPONSE at http://localhost:5173/
Call log:
<ul>
<li>navigating to &quot;http://localhost:5173/&quot;, waiting until &quot;load&quot;</li>
</ul>
</li>
<li><strong>Test Visualization and Result:</strong> https://www.testsprite.com/dashboard/mcp/tests/bfd44b75-c6b9-473d-9cc7-b2acc2d7e805/9e7c6362-7134-4fcf-bc83-9744db6166c2</li>
<li><strong>Status:</strong> ‚ùå Failed</li>
<li><strong>Severity:</strong> High</li>
<li><strong>Analysis / Findings:</strong> Test fails at page load with net::ERR_EMPTY_RESPONSE, indicating the frontend app is not reachable or server is down, preventing question paper generator UI from loading.</li>
</ul>
<hr>
<h3>Requirement: Admin Dashboard and System Management</h3>
<ul>
<li><strong>Description:</strong> Administrative interface for user management and system configuration with role-based access.</li>
</ul>
<h4>Test 1</h4>
<ul>
<li><strong>Test ID:</strong> TC010</li>
<li><strong>Test Name:</strong> Admin dashboard allows user management and system config updates</li>
<li><strong>Test Code:</strong> <a href="./TC010_Admin_dashboard_allows_user_management_and_system_config_updates.py">TC010_Admin_dashboard_allows_user_management_and_system_config_updates.py</a></li>
<li><strong>Test Error:</strong> X-Frame-Options may only be set via an HTTP header sent along with a document. It may not be set inside &lt;meta&gt;. (at http://localhost:5173/:22:0)</li>
<li><strong>Test Visualization and Result:</strong> https://www.testsprite.com/dashboard/mcp/tests/bfd44b75-c6b9-473d-9cc7-b2acc2d7e805/92cc132f-a935-4cc3-999e-e9b2de0f0124</li>
<li><strong>Status:</strong> ‚ùå Failed</li>
<li><strong>Severity:</strong> High</li>
<li><strong>Analysis / Findings:</strong> Admin dashboard UI fails to load properly due to X-Frame-Options misconfiguration blocking page content, preventing user management and system settings functionality.</li>
</ul>
<hr>
<h3>Requirement: Navigation System and UI Components</h3>
<ul>
<li><strong>Description:</strong> Tab-based navigation with lazy loading and responsive UI components with animations.</li>
</ul>
<h4>Test 1</h4>
<ul>
<li><strong>Test ID:</strong> TC011</li>
<li><strong>Test Name:</strong> Navigation system loads tabs with lazy loading and remains responsive</li>
<li><strong>Test Code:</strong> <a href="./TC011_Navigation_system_loads_tabs_with_lazy_loading_and_remains_responsive.py">TC011_Navigation_system_loads_tabs_with_lazy_loading_and_remains_responsive.py</a></li>
<li><strong>Test Error:</strong> X-Frame-Options may only be set via an HTTP header sent along with a document. It may not be set inside &lt;meta&gt;. (at http://localhost:5173/:22:0)</li>
<li><strong>Test Visualization and Result:</strong> https://www.testsprite.com/dashboard/mcp/tests/bfd44b75-c6b9-473d-9cc7-b2acc2d7e805/be4bde6f-3d57-4ee3-9c1f-e896872fec9a</li>
<li><strong>Status:</strong> ‚ùå Failed</li>
<li><strong>Severity:</strong> High</li>
<li><strong>Analysis / Findings:</strong> Tab navigation system fails to load tabs or render properly due to invalid setting of X-Frame-Options via meta tag instead of HTTP header.</li>
</ul>
<hr>
<h4>Test 2</h4>
<ul>
<li><strong>Test ID:</strong> TC015</li>
<li><strong>Test Name:</strong> UI components render responsively with animations across browsers</li>
<li><strong>Test Code:</strong> <a href="./TC015_UI_components_render_responsively_with_animations_across_browsers.py">TC015_UI_components_render_responsively_with_animations_across_browsers.py</a></li>
<li><strong>Test Error:</strong> X-Frame-Options may only be set via an HTTP header sent along with a document. It may not be set inside &lt;meta&gt;. (at http://localhost:5173/:22:0)</li>
<li><strong>Test Visualization and Result:</strong> https://www.testsprite.com/dashboard/mcp/tests/bfd44b75-c6b9-473d-9cc7-b2acc2d7e805/c33a8041-dfd6-48d0-aef5-e5ad65922ebb</li>
<li><strong>Status:</strong> ‚ùå Failed</li>
<li><strong>Severity:</strong> High</li>
<li><strong>Analysis / Findings:</strong> UI components fail to render properly across browsers as the app is blocked by invalid X-Frame-Options implementation.</li>
</ul>
<hr>
<h3>Requirement: Draft Management and Auto-Save</h3>
<ul>
<li><strong>Description:</strong> Auto-save functionality for evaluation drafts with recovery capabilities.</li>
</ul>
<h4>Test 1</h4>
<ul>
<li><strong>Test ID:</strong> TC012</li>
<li><strong>Test Name:</strong> Draft management auto-saves in-progress evaluations accurately</li>
<li><strong>Test Code:</strong> <a href="./TC012_Draft_management_auto_saves_in_progress_evaluations_accurately.py">TC012_Draft_management_auto_saves_in_progress_evaluations_accurately.py</a></li>
<li><strong>Test Error:</strong> X-Frame-Options may only be set via an HTTP header sent along with a document. It may not be set inside &lt;meta&gt;. (at http://localhost:5173/:22:0)</li>
<li><strong>Test Visualization and Result:</strong> https://www.testsprite.com/dashboard/mcp/tests/bfd44b75-c6b9-473d-9cc7-b2acc2d7e805/056bda4f-870e-4140-887b-730e9e9d7ec7</li>
<li><strong>Status:</strong> ‚ùå Failed</li>
<li><strong>Severity:</strong> High</li>
<li><strong>Analysis / Findings:</strong> Draft auto-save functionality fails due to frontend UI not loading because of incorrect X-Frame-Options header implementation.</li>
</ul>
<hr>
<h3>Requirement: Error Handling and Security</h3>
<ul>
<li><strong>Description:</strong> Comprehensive error boundaries, security mechanisms, and performance monitoring.</li>
</ul>
<h4>Test 1</h4>
<ul>
<li><strong>Test ID:</strong> TC013</li>
<li><strong>Test Name:</strong> Error handling displays user-friendly messages on failures</li>
<li><strong>Test Code:</strong> <a href="./TC013_Error_handling_displays_user_friendly_messages_on_failures.py">TC013_Error_handling_displays_user_friendly_messages_on_failures.py</a></li>
<li><strong>Test Error:</strong> X-Frame-Options may only be set via an HTTP header sent along with a document. It may not be set inside &lt;meta&gt;. (at http://localhost:5173/:22:0)</li>
<li><strong>Test Visualization and Result:</strong> https://www.testsprite.com/dashboard/mcp/tests/bfd44b75-c6b9-473d-9cc7-b2acc2d7e805/9fe04270-1b81-47ff-bcec-aa81786217f0</li>
<li><strong>Status:</strong> ‚ùå Failed</li>
<li><strong>Severity:</strong> High</li>
<li><strong>Analysis / Findings:</strong> Error handling UI does not display correctly because page and scripts are blocked by wrongly set X-Frame-Options meta tag.</li>
</ul>
<hr>
<h4>Test 2</h4>
<ul>
<li><strong>Test ID:</strong> TC014</li>
<li><strong>Test Name:</strong> Security mechanisms prevent unauthorized access and protect APIs</li>
<li><strong>Test Code:</strong> <a href="./TC014_Security_mechanisms_prevent_unauthorized_access_and_protect_APIs.py">TC014_Security_mechanisms_prevent_unauthorized_access_and_protect_APIs.py</a></li>
<li><strong>Test Error:</strong> X-Frame-Options may only be set via an HTTP header sent along with a document. It may not be set inside &lt;meta&gt;. (at http://localhost:5173/:22:0)</li>
<li><strong>Test Visualization and Result:</strong> https://www.testsprite.com/dashboard/mcp/tests/bfd44b75-c6b9-473d-9cc7-b2acc2d7e805/0b9c809e-a8f9-4586-b53c-fbf46422d0a4</li>
<li><strong>Status:</strong> ‚ùå Failed</li>
<li><strong>Severity:</strong> High</li>
<li><strong>Analysis / Findings:</strong> Security mechanism verification fails because the frontend UI cannot load due to X-Frame-Options header misconfiguration, preventing validation of authorization flows.</li>
</ul>
<hr>
<h4>Test 3</h4>
<ul>
<li><strong>Test ID:</strong> TC016</li>
<li><strong>Test Name:</strong> Performance monitoring tracks key metrics within thresholds</li>
<li><strong>Test Code:</strong> <a href="./TC016_Performance_monitoring_tracks_key_metrics_within_thresholds.py">TC016_Performance_monitoring_tracks_key_metrics_within_thresholds.py</a></li>
<li><strong>Test Error:</strong> X-Frame-Options may only be set via an HTTP header sent along with a document. It may not be set inside &lt;meta&gt;. (at http://localhost:5173/:22:0)</li>
<li><strong>Test Visualization and Result:</strong> https://www.testsprite.com/dashboard/mcp/tests/bfd44b75-c6b9-473d-9cc7-b2acc2d7e805/ab8d6a0b-3d10-45ab-8ee7-b444bb1a5d98</li>
<li><strong>Status:</strong> ‚ùå Failed</li>
<li><strong>Severity:</strong> High</li>
<li><strong>Analysis / Findings:</strong> Performance monitoring tools cannot be verified since page load fails due to the X-Frame-Options header being set incorrectly via meta tags.</li>
</ul>
<hr>
<h3>Requirement: Testing Framework Coverage</h3>
<ul>
<li><strong>Description:</strong> Unit and integration tests for critical components and services.</li>
</ul>
<h4>Test 1</h4>
<ul>
<li><strong>Test ID:</strong> TC017</li>
<li><strong>Test Name:</strong> Unit and integration tests cover critical components and services</li>
<li><strong>Test Code:</strong> <a href="./TC017_Unit_and_integration_tests_cover_critical_components_and_services.py">TC017_Unit_and_integration_tests_cover_critical_components_and_services.py</a></li>
<li><strong>Test Error:</strong> Testing stopped due to critical issue: Admin authentication tests cannot proceed because no admin account exists. Authentication is a critical component and must be resolved before further testing. Please provide valid credentials or fix the test environment.
Browser Console Logs:
[ERROR] X-Frame-Options may only be set via an HTTP header sent along with a document. It may not be set inside &lt;meta&gt;. (at http://localhost:5173/:22:0)
[ERROR] Failed to load resource: net::ERR_EMPTY_RESPONSE (at http://localhost:5173/@react-refresh:0:0)
[ERROR] X-Frame-Options may only be set via an HTTP header sent along with a document. It may not be set inside &lt;meta&gt;. (at http://localhost:5173/tests:22:0)
[ERROR] Failed to load resource: the server responded with a status of 400 () (at https://agpsxkxpimtuqlwqqeby.supabase.co/auth/v1/token?grant_type=password:0:0)
[ERROR] Failed to load resource: the server responded with a status of 503 () (at https://agpsxkxpimtuqlwqqeby.supabase.co/functions/v1/admin-api:0:0)
[ERROR] Failed to load resource: the server responded with a status of 406 () (at https://agpsxkxpimtuqlwqqeby.supabase.co/rest/v1/admin_users?select=*&amp;email=eq.admin%40example.com:0:0)</li>
<li><strong>Test Visualization and Result:</strong> https://www.testsprite.com/dashboard/mcp/tests/bfd44b75-c6b9-473d-9cc7-b2acc2d7e805/62b17ef4-2f64-49e2-bf91-a02adacb339b</li>
<li><strong>Status:</strong> ‚ùå Failed</li>
<li><strong>Severity:</strong> High</li>
<li><strong>Analysis / Findings:</strong> Critical blocking issue due to no valid admin account and failing backend authentication endpoints, combined with frontend app failing to load normally (X-Frame-Options issue and networking errors) preventing any tests from running.</li>
</ul>
<hr>
<h2>3Ô∏è‚É£ Coverage &amp; Matching Metrics</h2>
<ul>
<li><strong>0% of product requirements tested successfully</strong></li>
<li><strong>0% of tests passed</strong></li>
<li><strong>Key gaps / risks:</strong></li>
</ul>
<blockquote>
<p><strong>CRITICAL ISSUE IDENTIFIED:</strong> All 17 tests failed due to a fundamental security header misconfiguration. The X-Frame-Options header is being set via HTML meta tags instead of HTTP response headers, causing browser security policy violations that prevent the entire application from loading properly.</p>
</blockquote>
<blockquote>
<p><strong>Additional Issues:</strong></p>
<ul>
<li>WebSocket connection failures (ERR_EMPTY_RESPONSE) affecting real-time features</li>
<li>Missing admin authentication setup preventing admin functionality testing</li>
<li>Backend API endpoints returning 400, 503, and 406 errors</li>
<li>Complete application failure preventing any functional testing</li>
</ul>
</blockquote>
<table>
<thead>
<tr>
<th>Requirement</th>
<th>Total Tests</th>
<th>‚úÖ Passed</th>
<th>‚ö†Ô∏è Partial</th>
<th>‚ùå Failed</th>
</tr>
</thead>
<tbody>
<tr>
<td>User Authentication System</td>
<td>3</td>
<td>0</td>
<td>0</td>
<td>3</td>
</tr>
<tr>
<td>PDF File Upload and Processing</td>
<td>2</td>
<td>0</td>
<td>0</td>
<td>2</td>
</tr>
<tr>
<td>AI-Powered Evaluation Engine</td>
<td>1</td>
<td>0</td>
<td>0</td>
<td>1</td>
</tr>
<tr>
<td>Interactive Results Display</td>
<td>2</td>
<td>0</td>
<td>0</td>
<td>2</td>
</tr>
<tr>
<td>IGCSE Question Paper Generator</td>
<td>1</td>
<td>0</td>
<td>0</td>
<td>1</td>
</tr>
<tr>
<td>Admin Dashboard and System Management</td>
<td>1</td>
<td>0</td>
<td>0</td>
<td>1</td>
</tr>
<tr>
<td>Navigation System and UI Components</td>
<td>2</td>
<td>0</td>
<td>0</td>
<td>2</td>
</tr>
<tr>
<td>Draft Management and Auto-Save</td>
<td>1</td>
<td>0</td>
<td>0</td>
<td>1</td>
</tr>
<tr>
<td>Error Handling and Security</td>
<td>3</td>
<td>0</td>
<td>0</td>
<td>3</td>
</tr>
<tr>
<td>Testing Framework Coverage</td>
<td>1</td>
<td>0</td>
<td>0</td>
<td>1</td>
</tr>
<tr>
<td><strong>TOTAL</strong></td>
<td><strong>17</strong></td>
<td><strong>0</strong></td>
<td><strong>0</strong></td>
<td><strong>17</strong></td>
</tr>
</tbody>
</table>
<hr>
<h2>4Ô∏è‚É£ Critical Issues Requiring Immediate Attention</h2>
<h3>üö® <strong>BLOCKER: Security Header Misconfiguration</strong></h3>
<ul>
<li><strong>Issue:</strong> X-Frame-Options set via HTML meta tags instead of HTTP headers</li>
<li><strong>Impact:</strong> Complete application failure - white screen issue</li>
<li><strong>Priority:</strong> CRITICAL - Must fix immediately</li>
<li><strong>Location:</strong> <code>index.html</code> line 22</li>
</ul>
<h3>üö® <strong>BLOCKER: WebSocket Connection Failures</strong></h3>
<ul>
<li><strong>Issue:</strong> ERR_EMPTY_RESPONSE on WebSocket connections</li>
<li><strong>Impact:</strong> Real-time features and hot module replacement broken</li>
<li><strong>Priority:</strong> HIGH</li>
</ul>
<h3>üö® <strong>BLOCKER: Authentication System Failure</strong></h3>
<ul>
<li><strong>Issue:</strong> No valid admin accounts and backend API errors</li>
<li><strong>Impact:</strong> Cannot test or use admin functionality</li>
<li><strong>Priority:</strong> HIGH</li>
</ul>
<h3>üö® <strong>BLOCKER: Backend Service Issues</strong></h3>
<ul>
<li><strong>Issue:</strong> Multiple API endpoints returning 400, 503, 406 errors</li>
<li><strong>Impact:</strong> Core functionality unavailable</li>
<li><strong>Priority:</strong> HIGH</li>
</ul>
<hr>
<h2>5Ô∏è‚É£ Recommended Immediate Actions</h2>
<ol>
<li><strong>Fix X-Frame-Options Header</strong> - Remove from HTML meta tags and configure via server HTTP headers</li>
<li><strong>Resolve WebSocket Issues</strong> - Check Vite dev server configuration and network connectivity</li>
<li><strong>Setup Admin Authentication</strong> - Create valid admin accounts and fix backend authentication</li>
<li><strong>Fix Backend API Endpoints</strong> - Resolve 400, 503, 406 errors in Supabase functions</li>
<li><strong>Test Application Loading</strong> - Verify white screen issue is resolved after header fix</li>
</ol>
<hr>
<p><em>This report was generated by TestSprite AI Testing Framework on 2025-09-06. All test failures are linked to the critical X-Frame-Options misconfiguration that must be resolved before any functional testing can proceed.</em></p>

    </body>
    </html>
  